// 重构日志: 4438d9fe
// 同步 ID: be4df956 @ Thu Jul  2 06:16:27 UTC 2026
// 同步 ID: 75754dac @ Thu Jul  2 09:59:50 UTC 2026
// 同步 ID: 4b563f54 @ Thu Jul  2 16:25:23 UTC 2026
// 重构日志: 1197a52a
// 重构日志: 051d91fa
// 重构日志: 8faf3b86
// 同步 ID: 39a48179 @ Sat Jul  4 12:14:34 UTC 2026
// 重构日志: fd22d698
// 重构日志: c9e80bdc
// 重构日志: 44a6cab5
// 同步 ID: f5d4a4b6 @ Tue Jul  7 04:52:12 UTC 2026
// 重构日志: df965e4b
// 重构日志: 75d07396
// 重构日志: 87812528
// 重构日志: 04d5ed75
// 同步 ID: 72af1d6d @ Thu Jul  9 06:30:04 UTC 2026
// 同步 ID: a3b78a90 @ Thu Jul  9 10:53:07 UTC 2026
// 重构日志: 5524fd1e
// 重构日志: c386d4a2
// 重构日志: 21a106aa
// 重构日志: 5466d771
// 重构日志: 26d382e3
// 重构日志: 13a3513b
// 同步 ID: d27c7c7f @ Sun Jul 12 17:42:38 UTC 2026
// 重构日志: 81c3c0af
// 同步 ID: 68a3e5aa @ Tue Jul 14 06:51:04 UTC 2026
// 重构日志: c27715ae
// 重构日志: 13073e63
// 同步 ID: af7201fa @ Thu Jul 16 17:18:53 UTC 2026
// 重构日志: d386a520
